Determining if the pthread_create exist failed with the following output:
Change Dir: /home/mech-user/bebop_ws/build/bebop_driver/CMakeFiles/CMakeTmp

Run Build Command:/usr/bin/make "cmTryCompileExec1327904194/fast"
/usr/bin/make -f CMakeFiles/cmTryCompileExec1327904194.dir/build.make CMakeFiles/cmTryCompileExec1327904194.dir/build
make[1]: ディレクトリ `/home/mech-user/bebop_ws/build/bebop_driver/CMakeFiles/CMakeTmp' に入ります
/usr/bin/cmake -E cmake_progress_report /home/mech-user/bebop_ws/build/bebop_driver/CMakeFiles/CMakeTmp/CMakeFiles 1
Building C object CMakeFiles/cmTryCompileExec1327904194.dir/CheckSymbolExists.c.o
/usr/bin/cc    -o CMakeFiles/cmTryCompileExec1327904194.dir/CheckSymbolExists.c.o   -c /home/mech-user/bebop_ws/build/bebop_driver/CMakeFiles/CMakeTmp/CheckSymbolExists.c
Linking C executable cmTryCompileExec1327904194
/usr/bin/cmake -E cmake_link_script CMakeFiles/cmTryCompileExec1327904194.dir/link.txt --verbose=1
/usr/bin/cc       CMakeFiles/cmTryCompileExec1327904194.dir/CheckSymbolExists.c.o  -o cmTryCompileExec1327904194 -rdynamic 
CMakeFiles/cmTryCompileExec1327904194.dir/CheckSymbolExists.c.o: 関数 `main' 内:
CheckSymbolExists.c:(.text+0x16): `pthread_create' に対する定義されていない参照です
collect2: error: ld returned 1 exit status
make[1]: *** [cmTryCompileExec1327904194] エラー 1
make[1]: ディレクトリ `/home/mech-user/bebop_ws/build/bebop_driver/CMakeFiles/CMakeTmp' から出ます
make: *** [cmTryCompileExec1327904194/fast] エラー 2

File /home/mech-user/bebop_ws/build/bebop_driver/CMakeFiles/CMakeTmp/CheckSymbolExists.c:
/* */
#include <pthread.h>

int main(int argc, char** argv)
{
  (void)argv;
#ifndef pthread_create
  return ((int*)(&pthread_create))[argc];
#else
  (void)argc;
  return 0;
#endif
}

Determining if the function pthread_create exists in the pthreads failed with the following output:
Change Dir: /home/mech-user/bebop_ws/build/bebop_driver/CMakeFiles/CMakeTmp

Run Build Command:/usr/bin/make "cmTryCompileExec3958323463/fast"
/usr/bin/make -f CMakeFiles/cmTryCompileExec3958323463.dir/build.make CMakeFiles/cmTryCompileExec3958323463.dir/build
make[1]: ディレクトリ `/home/mech-user/bebop_ws/build/bebop_driver/CMakeFiles/CMakeTmp' に入ります
/usr/bin/cmake -E cmake_progress_report /home/mech-user/bebop_ws/build/bebop_driver/CMakeFiles/CMakeTmp/CMakeFiles 1
Building C object CMakeFiles/cmTryCompileExec3958323463.dir/CheckFunctionExists.c.o
/usr/bin/cc   -DCHECK_FUNCTION_EXISTS=pthread_create   -o CMakeFiles/cmTryCompileExec3958323463.dir/CheckFunctionExists.c.o   -c /usr/share/cmake-2.8/Modules/CheckFunctionExists.c
Linking C executable cmTryCompileExec3958323463
/usr/bin/cmake -E cmake_link_script CMakeFiles/cmTryCompileExec3958323463.dir/link.txt --verbose=1
/usr/bin/cc   -DCHECK_FUNCTION_EXISTS=pthread_create    CMakeFiles/cmTryCompileExec3958323463.dir/CheckFunctionExists.c.o  -o cmTryCompileExec3958323463 -rdynamic -lpthreads 
/usr/bin/ld: -lpthreads が見つかりません
collect2: error: ld returned 1 exit status
make[1]: *** [cmTryCompileExec3958323463] エラー 1
make[1]: ディレクトリ `/home/mech-user/bebop_ws/build/bebop_driver/CMakeFiles/CMakeTmp' から出ます
make: *** [cmTryCompileExec3958323463/fast] エラー 2


