[35m[1mScanning dependencies of target _bebop_msgs_generate_messages_check_deps_CommonCommonStateCountryListKnown
[35m[1mScanning dependencies of target _bebop_msgs_generate_messages_check_deps_CommonCommonStateWifiSignalChanged
[35m[1mScanning dependencies of target _bebop_msgs_generate_messages_check_deps_Ardrone3PROStateFeatures
[35m[1mScanning dependencies of target _bebop_msgs_generate_messages_check_deps_CommonChargerStateLastChargeRateChanged
[0m[0m[0m[0m[35m[1mScanning dependencies of target std_msgs_generate_messages_py
[35m[1mScanning dependencies of target _bebop_msgs_generate_messages_check_deps_Ardrone3NetworkStateWifiScanListChanged
[35m[1mScanning dependencies of target _bebop_msgs_generate_messages_check_deps_CommonCalibrationStateMagnetoCalibrationRequiredState
[0m[35m[1mScanning dependencies of target _bebop_msgs_generate_messages_check_deps_Ardrone3MediaRecordStateVideoStateChanged
[0m[0m[0m[  0%] Built target std_msgs_generate_messages_py
[  0%] Built target _bebop_msgs_generate_messages_check_deps_Ardrone3PROStateFeatures
[35m[1mScanning dependencies of target _bebop_msgs_generate_messages_check_deps_CommonCommonStateMassStorageStateListChanged
[0m[  0%] [  0%] [  0%] Built target _bebop_msgs_generate_messages_check_deps_CommonCalibrationStateMagnetoCalibrationRequiredState
Built target _bebop_msgs_generate_messages_check_deps_CommonChargerStateLastChargeRateChanged
Built target _bebop_msgs_generate_messages_check_deps_CommonCommonStateCountryListKnown
[  0%] [  0%] Built target _bebop_msgs_generate_messages_check_deps_Ardrone3MediaRecordStateVideoStateChanged
Built target _bebop_msgs_generate_messages_check_deps_CommonCommonStateWifiSignalChanged
[35m[1mScanning dependencies of target _bebop_msgs_generate_messages_check_deps_Ardrone3MediaRecordStatePictureStateChanged
[  0%] [0m[35m[1mScanning dependencies of target _bebop_msgs_generate_messages_check_deps_Ardrone3MediaRecordStatePictureStateChangedV2
[35m[1mScanning dependencies of target _bebop_msgs_generate_messages_check_deps_Ardrone3AntiflickeringStateelectricFrequencyChanged
[0m[0mBuilt target _bebop_msgs_generate_messages_check_deps_Ardrone3NetworkStateWifiScanListChanged
[35m[1mScanning dependencies of target _bebop_msgs_generate_messages_check_deps_Ardrone3CameraStatedefaultCameraOrientation
[35m[1mScanning dependencies of target _bebop_msgs_generate_messages_check_deps_Ardrone3MediaStreamingStateVideoEnableChanged
[0m[0m[35m[1mScanning dependencies of target _bebop_msgs_generate_messages_check_deps_Ardrone3NetworkStateAllWifiAuthChannelChanged
[0m[35m[1mScanning dependencies of target _bebop_msgs_generate_messages_check_deps_Ardrone3PilotingStateAlertStateChanged
[0m[  0%] Built target _bebop_msgs_generate_messages_check_deps_CommonCommonStateMassStorageStateListChanged
[  0%] [  0%] Built target _bebop_msgs_generate_messages_check_deps_Ardrone3AntiflickeringStateelectricFrequencyChanged
[  0%] [  0%] Built target _bebop_msgs_generate_messages_check_deps_Ardrone3MediaRecordStatePictureStateChanged
[  0%] Built target _bebop_msgs_generate_messages_check_deps_Ardrone3CameraStatedefaultCameraOrientation
Built target _bebop_msgs_generate_messages_check_deps_Ardrone3MediaRecordStatePictureStateChangedV2
[35m[1mScanning dependencies of target _bebop_msgs_generate_messages_check_deps_CommonChargerStateChargingInfo
[0m[  0%] [  0%] Built target _bebop_msgs_generate_messages_check_deps_Ardrone3MediaStreamingStateVideoEnableChanged
Built target _bebop_msgs_generate_messages_check_deps_Ardrone3NetworkStateAllWifiAuthChannelChanged
Built target _bebop_msgs_generate_messages_check_deps_Ardrone3PilotingStateAlertStateChanged
[35m[1mScanning dependencies of target _bebop_msgs_generate_messages_check_deps_CommonMavlinkStateMavlinkFilePlayingStateChanged
[35m[1mScanning dependencies of target _bebop_msgs_generate_messages_check_deps_CommonAnimationsStateList
[0m[0m[35m[1mScanning dependencies of target _bebop_msgs_generate_messages_check_deps_Ardrone3PilotingStatePositionChanged
[0m[35m[1mScanning dependencies of target _bebop_msgs_generate_messages_check_deps_CommonCommonStateBatteryStateChanged
[35m[1mScanning dependencies of target _bebop_msgs_generate_messages_check_deps_CommonAccessoryStateAccessoryConfigChanged
[0m[35m[1mScanning dependencies of target _bebop_msgs_generate_messages_check_deps_Ardrone3PilotingStateFlatTrimChanged
[35m[1mScanning dependencies of target _bebop_msgs_generate_messages_check_deps_Ardrone3PilotingStateAttitudeChanged
[0m[0m[0m[  0%] [  0%] Built target _bebop_msgs_generate_messages_check_deps_CommonAnimationsStateList
Built target _bebop_msgs_generate_messages_check_deps_CommonChargerStateChargingInfo
[  0%] [35m[1mScanning dependencies of target _bebop_msgs_generate_messages_check_deps_CommonCalibrationStateMagnetoCalibrationAxisToCalibrateChanged
[0m[  0%] [  0%] [  0%] Built target _bebop_msgs_generate_messages_check_deps_Ardrone3PilotingStateAttitudeChanged
[  0%] Built target _bebop_msgs_generate_messages_check_deps_CommonCommonStateBatteryStateChanged
Built target _bebop_msgs_generate_messages_check_deps_Ardrone3PilotingStatePositionChanged
Built target _bebop_msgs_generate_messages_check_deps_CommonMavlinkStateMavlinkFilePlayingStateChanged
[  0%] Built target _bebop_msgs_generate_messages_check_deps_CommonAccessoryStateAccessoryConfigChanged
Built target _bebop_msgs_generate_messages_check_deps_Ardrone3PilotingStateFlatTrimChanged
[35m[1mScanning dependencies of target _bebop_msgs_generate_messages_check_deps_CommonAudioStateAudioStreamingRunning
[0m[35m[1mScanning dependencies of target _bebop_msgs_generate_messages_check_deps_CommonCommonStateAllStatesChanged
[35m[1mScanning dependencies of target _bebop_msgs_generate_messages_check_deps_CommonCalibrationStateMagnetoCalibrationStartedChanged
[35m[1mScanning dependencies of target _bebop_msgs_generate_messages_check_deps_Ardrone3GPSStateHomeTypeChosenChanged
[0m[0m[0m[35m[1mScanning dependencies of target _bebop_msgs_generate_messages_check_deps_CommonCommonStateProductModel
[0m[35m[1mScanning dependencies of target _bebop_msgs_generate_messages_check_deps_CommonCalibrationStateMagnetoCalibrationStateChanged
[0m[35m[1mScanning dependencies of target _bebop_msgs_generate_messages_check_deps_Ardrone3NetworkStateWifiAuthChannelListChanged
[0m[  0%] Built target _bebop_msgs_generate_messages_check_deps_CommonCalibrationStateMagnetoCalibrationAxisToCalibrateChanged
[  0%] [35m[1mScanning dependencies of target _bebop_msgs_generate_messages_check_deps_CommonHeadlightsStateintensityChanged
[0mBuilt target _bebop_msgs_generate_messages_check_deps_CommonCalibrationStateMagnetoCalibrationStartedChanged
[  0%] [  0%] Built target _bebop_msgs_generate_messages_check_deps_CommonCommonStateAllStatesChanged
Built target _bebop_msgs_generate_messages_check_deps_CommonAudioStateAudioStreamingRunning
[  0%] [35m[1mScanning dependencies of target _bebop_msgs_generate_messages_check_deps_CommonARLibsVersionsStateDeviceLibARCommandsVersion
[0mBuilt target _bebop_msgs_generate_messages_check_deps_Ardrone3GPSStateHomeTypeChosenChanged
[35m[1mScanning dependencies of target _bebop_msgs_generate_messages_check_deps_Ardrone3PilotingStateAutoTakeOffModeChanged
[0m[35m[1mScanning dependencies of target _bebop_msgs_generate_messages_check_deps_Ardrone3NetworkStateAllWifiScanChanged
[0m[  0%] [  0%] Built target _bebop_msgs_generate_messages_check_deps_Ardrone3NetworkStateWifiAuthChannelListChanged
Built target _bebop_msgs_generate_messages_check_deps_CommonCommonStateProductModel
[  0%] Built target _bebop_msgs_generate_messages_check_deps_CommonCalibrationStateMagnetoCalibrationStateChanged
[35m[1mScanning dependencies of target _bebop_msgs_generate_messages_check_deps_Ardrone3GPSStateNumberOfSatelliteChanged
[0m[35m[1mScanning dependencies of target _bebop_msgs_generate_messages_check_deps_Ardrone3PilotingStateSpeedChanged
[0m[35m[1mScanning dependencies of target _bebop_msgs_generate_messages_check_deps_Ardrone3CameraStateOrientation
[0m[35m[1mScanning dependencies of target _bebop_msgs_generate_messages_check_deps_CommonFlightPlanStateComponentStateListChanged
[0m[  0%] [  0%] Built target _bebop_msgs_generate_messages_check_deps_CommonHeadlightsStateintensityChanged
Built target _bebop_msgs_generate_messages_check_deps_CommonARLibsVersionsStateDeviceLibARCommandsVersion
[  0%] [35m[1mScanning dependencies of target _bebop_msgs_generate_messages_check_deps_CommonAccessoryStateSupportedAccessoriesListChanged
[35m[1mScanning dependencies of target _bebop_msgs_generate_messages_check_deps_Ardrone3MediaRecordStateVideoStateChangedV2
[0m[0mBuilt target _bebop_msgs_generate_messages_check_deps_Ardrone3NetworkStateAllWifiScanChanged
[  0%] [  0%] Built target _bebop_msgs_generate_messages_check_deps_Ardrone3PilotingStateSpeedChanged
[35m[1mScanning dependencies of target _bebop_msgs_generate_messages_check_deps_Ardrone3PilotingStateFlyingStateChanged
[0m[  0%] Built target _bebop_msgs_generate_messages_check_deps_Ardrone3GPSStateNumberOfSatelliteChanged
[  0%] Built target _bebop_msgs_generate_messages_check_deps_Ardrone3CameraStateOrientation
Built target _bebop_msgs_generate_messages_check_deps_CommonFlightPlanStateComponentStateListChanged
[  0%] Built target _bebop_msgs_generate_messages_check_deps_Ardrone3PilotingStateAutoTakeOffModeChanged
[35m[1mScanning dependencies of target _bebop_msgs_generate_messages_check_deps_CommonChargerStateMaxChargeRateChanged
[35m[1mScanning dependencies of target _bebop_msgs_generate_messages_check_deps_CommonCommonStateMassStorageInfoStateListChanged
[0m[35m[1mScanning dependencies of target _bebop_msgs_generate_messages_check_deps_CommonChargerStateCurrentChargeStateChanged
[0m[0m[35m[1mScanning dependencies of target _bebop_msgs_generate_messages_check_deps_CommonCommonStateMassStorageInfoRemainingListChanged
[35m[1mScanning dependencies of target _bebop_msgs_generate_messages_check_deps_CommonCommonStateCurrentTimeChanged
[0m[0m[  0%] [  0%] Built target _bebop_msgs_generate_messages_check_deps_CommonAccessoryStateSupportedAccessoriesListChanged
Built target _bebop_msgs_generate_messages_check_deps_Ardrone3MediaRecordStateVideoStateChangedV2
[  0%] Built target _bebop_msgs_generate_messages_check_deps_Ardrone3PilotingStateFlyingStateChanged
[35m[1mScanning dependencies of target _bebop_msgs_generate_messages_check_deps_CommonCommonStateSensorsStatesListChanged
[35m[1mScanning dependencies of target _bebop_msgs_generate_messages_check_deps_CommonARLibsVersionsStateControllerLibARCommandsVersion
[  0%] [0m[0mBuilt target _bebop_msgs_generate_messages_check_deps_CommonCommonStateCurrentTimeChanged
[  0%] Built target _bebop_msgs_generate_messages_check_deps_CommonChargerStateCurrentChargeStateChanged
[  0%] [35m[1mScanning dependencies of target _bebop_msgs_generate_messages_check_deps_CommonMavlinkStateMavlinkPlayErrorStateChanged
[  0%] [0mBuilt target _bebop_msgs_generate_messages_check_deps_CommonChargerStateMaxChargeRateChanged
Built target _bebop_msgs_generate_messages_check_deps_CommonCommonStateMassStorageInfoRemainingListChanged
[  0%] [35m[1mScanning dependencies of target _bebop_msgs_generate_messages_check_deps_CommonOverHeatStateOverHeatRegulationChanged
[0m[35m[1mScanning dependencies of target _bebop_msgs_generate_messages_check_deps_Ardrone3GPSStateHomeTypeAvailabilityChanged
[0mBuilt target _bebop_msgs_generate_messages_check_deps_CommonCommonStateMassStorageInfoStateListChanged
[35m[1mScanning dependencies of target _bebop_msgs_generate_messages_check_deps_CommonAccessoryStateAccessoryConfigModificationEnabled
[0m[35m[1mScanning dependencies of target _bebop_msgs_generate_messages_check_deps_CommonCommonStateCurrentDateChanged
[0m[35m[1mScanning dependencies of target _bebop_msgs_generate_messages_check_deps_CommonFlightPlanStateAvailabilityStateChanged
[0m[  0%] Built target _bebop_msgs_generate_messages_check_deps_CommonOverHeatStateOverHeatRegulationChanged
[  0%] [  0%] [  0%] Built target _bebop_msgs_generate_messages_check_deps_CommonCommonStateSensorsStatesListChanged
Built target _bebop_msgs_generate_messages_check_deps_CommonARLibsVersionsStateControllerLibARCommandsVersion
Built target _bebop_msgs_generate_messages_check_deps_CommonMavlinkStateMavlinkPlayErrorStateChanged
[35m[1mScanning dependencies of target _bebop_msgs_generate_messages_check_deps_Ardrone3PilotingStateAltitudeChanged
[0m[  0%] [35m[1mScanning dependencies of target _bebop_msgs_generate_messages_check_deps_CommonARLibsVersionsStateSkyControllerLibARCommandsVersion
[35m[1mScanning dependencies of target _bebop_msgs_generate_messages_check_deps_CommonRunStateRunIdChanged
[35m[1mScanning dependencies of target _bebop_msgs_generate_messages_check_deps_CommonOverHeatStateOverHeatChanged
[  0%] [0m[0m[0mBuilt target _bebop_msgs_generate_messages_check_deps_CommonCommonStateCurrentDateChanged
Built target _bebop_msgs_generate_messages_check_deps_Ardrone3GPSStateHomeTypeAvailabilityChanged
[  0%] Built target _bebop_msgs_generate_messages_check_deps_CommonAccessoryStateAccessoryConfigModificationEnabled
[35m[1mScanning dependencies of target _bebop_msgs_generate_messages_check_deps_CommonControllerStateisPilotingChanged
[0m[35m[1mScanning dependencies of target _bebop_msgs_generate_messages_check_deps_Ardrone3AntiflickeringStatemodeChanged
[0m[  0%] [35m[1mScanning dependencies of target _bebop_msgs_generate_messages_check_deps_Ardrone3PilotingStateNavigateHomeStateChanged
[0mBuilt target _bebop_msgs_generate_messages_check_deps_CommonFlightPlanStateAvailabilityStateChanged
[35m[1mScanning dependencies of target std_msgs_generate_messages_cpp
[0m[  0%] [  0%] Built target _bebop_msgs_generate_messages_check_deps_CommonRunStateRunIdChanged
Built target _bebop_msgs_generate_messages_check_deps_CommonOverHeatStateOverHeatChanged
[  0%] Built target _bebop_msgs_generate_messages_check_deps_Ardrone3PilotingStateAltitudeChanged
[  0%] Built target std_msgs_generate_messages_cpp
[  0%] [  0%] Built target _bebop_msgs_generate_messages_check_deps_CommonControllerStateisPilotingChanged
Built target _bebop_msgs_generate_messages_check_deps_CommonARLibsVersionsStateSkyControllerLibARCommandsVersion
[  0%] Built target _bebop_msgs_generate_messages_check_deps_Ardrone3AntiflickeringStatemodeChanged
[35m[1mScanning dependencies of target std_msgs_generate_messages_lisp
[0m[  0%] [  0%] Built target _bebop_msgs_generate_messages_check_deps_Ardrone3PilotingStateNavigateHomeStateChanged
Built target std_msgs_generate_messages_lisp
[35m[1mScanning dependencies of target bebop_msgs_generate_messages_cpp
[0m[35m[1mScanning dependencies of target bebop_msgs_generate_messages_py
[35m[1mScanning dependencies of target bebop_msgs_generate_messages_lisp
[35m[1mScanning dependencies of target bebop_msgs_generate_messages_eus
[0m[0m[0m[  1%] [  2%] [  2%] [  2%] [  2%] [  2%] [  3%] [  4%] [34m[1mGenerating Lisp code from bebop_msgs/Ardrone3AntiflickeringStateelectricFrequencyChanged.msg
[0m[34m[1mGenerating Python from MSG bebop_msgs/Ardrone3AntiflickeringStateelectricFrequencyChanged
[0m[34m[1mGenerating EusLisp code from bebop_msgs/CommonCommonStateCountryListKnown.msg
[0m[34m[1mGenerating Python from MSG bebop_msgs/CommonCommonStateCountryListKnown
[34m[1mGenerating Lisp code from bebop_msgs/CommonOverHeatStateOverHeatRegulationChanged.msg
[0m[0m[34m[1mGenerating Lisp code from bebop_msgs/Ardrone3PROStateFeatures.msg
[0m[34m[1mGenerating C++ code from bebop_msgs/CommonCommonStateCountryListKnown.msg
[34m[1mGenerating Lisp code from bebop_msgs/CommonCommonStateCountryListKnown.msg
[0m[0m[  4%] [  4%] [  4%] [  4%] [  4%] [34m[1mGenerating Python from MSG bebop_msgs/CommonOverHeatStateOverHeatRegulationChanged
[0m[34m[1mGenerating Python from MSG bebop_msgs/Ardrone3PROStateFeatures
[0m[34m[1mGenerating Lisp code from bebop_msgs/Ardrone3NetworkStateWifiScanListChanged.msg
[0m[34m[1mGenerating EusLisp code from bebop_msgs/Ardrone3AntiflickeringStateelectricFrequencyChanged.msg
[0m[  4%] [  4%] [34m[1mGenerating Lisp code from bebop_msgs/Ardrone3MediaStreamingStateVideoEnableChanged.msg
[0m[34m[1mGenerating C++ code from bebop_msgs/Ardrone3AntiflickeringStateelectricFrequencyChanged.msg
[0m[34m[1mGenerating EusLisp code from bebop_msgs/CommonOverHeatStateOverHeatRegulationChanged.msg
[0m[  5%] [  7%] [  7%] [34m[1mGenerating Lisp code from bebop_msgs/Ardrone3MediaRecordStatePictureStateChangedV2.msg
[0m[  7%] [  7%] [34m[1mGenerating Python from MSG bebop_msgs/Ardrone3NetworkStateWifiScanListChanged
[0m[34m[1mGenerating Python from MSG bebop_msgs/Ardrone3MediaStreamingStateVideoEnableChanged
[0m[34m[1mGenerating EusLisp code from bebop_msgs/Ardrone3PROStateFeatures.msg
[0m[34m[1mGenerating Lisp code from bebop_msgs/CommonCommonStateMassStorageStateListChanged.msg
[0m[  7%] [34m[1mGenerating EusLisp code from bebop_msgs/Ardrone3NetworkStateWifiScanListChanged.msg
[0m[  8%] [  8%] [  8%] [34m[1mGenerating C++ code from bebop_msgs/CommonOverHeatStateOverHeatRegulationChanged.msg
[0m[  9%] [34m[1mGenerating Python from MSG bebop_msgs/Ardrone3MediaRecordStatePictureStateChangedV2
[0m[ 10%] [34m[1mGenerating Lisp code from bebop_msgs/Ardrone3MediaRecordStatePictureStateChanged.msg
[0m[34m[1mGenerating Python from MSG bebop_msgs/CommonCommonStateMassStorageStateListChanged
[0m[34m[1mGenerating C++ code from bebop_msgs/Ardrone3PROStateFeatures.msg
[0m[ 10%] [ 11%] [34m[1mGenerating EusLisp code from bebop_msgs/Ardrone3MediaRecordStatePictureStateChangedV2.msg
[0m[34m[1mGenerating EusLisp code from bebop_msgs/Ardrone3MediaStreamingStateVideoEnableChanged.msg
[0m[ 11%] [34m[1mGenerating Python from MSG bebop_msgs/Ardrone3MediaRecordStatePictureStateChanged
[0m[ 11%] [34m[1mGenerating Lisp code from bebop_msgs/CommonMavlinkStateMavlinkPlayErrorStateChanged.msg
[0m[ 12%] [34m[1mGenerating Python from MSG bebop_msgs/CommonMavlinkStateMavlinkPlayErrorStateChanged
[0m[ 12%] [ 12%] [ 13%] [34m[1mGenerating C++ code from bebop_msgs/Ardrone3NetworkStateWifiScanListChanged.msg
[0m[34m[1mGenerating EusLisp code from bebop_msgs/CommonCommonStateMassStorageStateListChanged.msg
[0m[34m[1mGenerating EusLisp code from bebop_msgs/Ardrone3MediaRecordStatePictureStateChanged.msg
[0m[ 13%] [34m[1mGenerating EusLisp code from bebop_msgs/CommonMavlinkStateMavlinkPlayErrorStateChanged.msg
[0m[ 13%] [ 13%] [34m[1mGenerating Python from MSG bebop_msgs/CommonChargerStateLastChargeRateChanged
[0m[34m[1mGenerating Lisp code from bebop_msgs/CommonChargerStateLastChargeRateChanged.msg
[0m[ 13%] [ 14%] [34m[1mGenerating EusLisp code from bebop_msgs/CommonChargerStateLastChargeRateChanged.msg
[0m[34m[1mGenerating EusLisp code from bebop_msgs/Ardrone3NetworkStateAllWifiAuthChannelChanged.msg
[ 15%] [0m[34m[1mGenerating C++ code from bebop_msgs/Ardrone3MediaStreamingStateVideoEnableChanged.msg
[0m[ 15%] [34m[1mGenerating C++ code from bebop_msgs/Ardrone3MediaRecordStatePictureStateChangedV2.msg
[0m[ 16%] [ 16%] [34m[1mGenerating C++ code from bebop_msgs/CommonCommonStateMassStorageStateListChanged.msg
[0m[ 17%] [34m[1mGenerating Python from MSG bebop_msgs/Ardrone3NetworkStateAllWifiAuthChannelChanged
[0m[34m[1mGenerating Lisp code from bebop_msgs/Ardrone3NetworkStateAllWifiAuthChannelChanged.msg
[0m[ 17%] [ 18%] [34m[1mGenerating EusLisp code from bebop_msgs/Ardrone3PilotingStateNavigateHomeStateChanged.msg
[0m[34m[1mGenerating Python from MSG bebop_msgs/Ardrone3PilotingStateNavigateHomeStateChanged
[0m[ 18%] [ 18%] [ 18%] [34m[1mGenerating Python from MSG bebop_msgs/Ardrone3AntiflickeringStatemodeChanged
[0m[34m[1mGenerating C++ code from bebop_msgs/Ardrone3MediaRecordStatePictureStateChanged.msg
[0m[34m[1mGenerating Lisp code from bebop_msgs/Ardrone3PilotingStateNavigateHomeStateChanged.msg
[0m[ 18%] [34m[1mGenerating C++ code from bebop_msgs/CommonMavlinkStateMavlinkPlayErrorStateChanged.msg
[0m[ 19%] [34m[1mGenerating EusLisp code from bebop_msgs/Ardrone3AntiflickeringStatemodeChanged.msg
[0m[ 20%] [ 20%] [34m[1mGenerating Python from MSG bebop_msgs/Ardrone3CameraStatedefaultCameraOrientation
[0m[34m[1mGenerating Python from MSG bebop_msgs/Ardrone3PilotingStateAlertStateChanged
[0m[ 21%] [34m[1mGenerating Lisp code from bebop_msgs/Ardrone3AntiflickeringStatemodeChanged.msg
[0m[ 21%] [ 21%] [34m[1mGenerating EusLisp code from bebop_msgs/Ardrone3CameraStatedefaultCameraOrientation.msg
[0m[34m[1mGenerating Lisp code from bebop_msgs/Ardrone3CameraStatedefaultCameraOrientation.msg
[0m[ 21%] [ 21%] [ 22%] [34m[1mGenerating Python from MSG bebop_msgs/CommonChargerStateChargingInfo
[0m[ 23%] [34m[1mGenerating Python from MSG bebop_msgs/Ardrone3GPSStateHomeTypeAvailabilityChanged
[34m[1mGenerating Lisp code from bebop_msgs/Ardrone3PilotingStateAlertStateChanged.msg
[0m[0m[ 23%] [34m[1mGenerating C++ code from bebop_msgs/CommonChargerStateLastChargeRateChanged.msg
[0m[34m[1mGenerating Python from MSG bebop_msgs/CommonAnimationsStateList
[0m[ 23%] [ 23%] [34m[1mGenerating EusLisp code from bebop_msgs/Ardrone3PilotingStateAlertStateChanged.msg
[0m[34m[1mGenerating C++ code from bebop_msgs/Ardrone3NetworkStateAllWifiAuthChannelChanged.msg
[0m[ 24%] [ 25%] [34m[1mGenerating Python from MSG bebop_msgs/CommonMavlinkStateMavlinkFilePlayingStateChanged
[0m[ 25%] [34m[1mGenerating Lisp code from bebop_msgs/CommonChargerStateChargingInfo.msg
[0m[ 26%] [ 26%] [34m[1mGenerating C++ code from bebop_msgs/Ardrone3PilotingStateNavigateHomeStateChanged.msg
[0m[34m[1mGenerating Lisp code from bebop_msgs/Ardrone3GPSStateHomeTypeAvailabilityChanged.msg
[0m[34m[1mGenerating Python from MSG bebop_msgs/CommonCommonStateBatteryStateChanged
[0m[ 27%] [34m[1mGenerating EusLisp code from bebop_msgs/CommonChargerStateChargingInfo.msg
[0m[ 27%] [ 28%] [34m[1mGenerating EusLisp code from bebop_msgs/Ardrone3GPSStateHomeTypeAvailabilityChanged.msg
[0m[34m[1mGenerating EusLisp code from bebop_msgs/CommonAnimationsStateList.msg
[0m[ 29%] [34m[1mGenerating Lisp code from bebop_msgs/CommonAnimationsStateList.msg
[0m[ 29%] [34m[1mGenerating Python from MSG bebop_msgs/CommonCalibrationStateMagnetoCalibrationAxisToCalibrateChanged
[0m[ 29%] [34m[1mGenerating EusLisp code from bebop_msgs/CommonMavlinkStateMavlinkFilePlayingStateChanged.msg
[0m[ 29%] [ 29%] [34m[1mGenerating C++ code from bebop_msgs/Ardrone3AntiflickeringStatemodeChanged.msg
[0m[ 30%] [34m[1mGenerating EusLisp code from bebop_msgs/CommonCommonStateBatteryStateChanged.msg
[0m[34m[1mGenerating EusLisp code from bebop_msgs/CommonCalibrationStateMagnetoCalibrationAxisToCalibrateChanged.msg
[0m[ 30%] [34m[1mGenerating Lisp code from bebop_msgs/CommonMavlinkStateMavlinkFilePlayingStateChanged.msg
[0m[ 31%] [34m[1mGenerating Python from MSG bebop_msgs/Ardrone3PilotingStateFlatTrimChanged
[0m[ 31%] [ 31%] [34m[1mGenerating EusLisp code from bebop_msgs/Ardrone3PilotingStateFlatTrimChanged.msg
[0m[34m[1mGenerating Python from MSG bebop_msgs/CommonAccessoryStateAccessoryConfigChanged
[ 32%] [0m[ 32%] [ 32%] [34m[1mGenerating EusLisp code from bebop_msgs/CommonAccessoryStateAccessoryConfigChanged.msg
[0m[34m[1mGenerating C++ code from bebop_msgs/Ardrone3CameraStatedefaultCameraOrientation.msg
[0m[34m[1mGenerating EusLisp code from bebop_msgs/CommonCalibrationStateMagnetoCalibrationStartedChanged.msg
[0m[ 32%] [ 32%] [34m[1mGenerating Lisp code from bebop_msgs/CommonCommonStateBatteryStateChanged.msg
[0m[34m[1mGenerating EusLisp code from bebop_msgs/CommonCommonStateProductModel.msg
[0m[ 33%] [ 34%] [34m[1mGenerating Python from MSG bebop_msgs/CommonCalibrationStateMagnetoCalibrationStartedChanged
[0m[34m[1mGenerating EusLisp code from bebop_msgs/Ardrone3NetworkStateWifiAuthChannelListChanged.msg
[0m[ 34%] [ 35%] [ 36%] [34m[1mGenerating EusLisp code from bebop_msgs/Ardrone3PilotingStateAltitudeChanged.msg
[0m[34m[1mGenerating EusLisp code from bebop_msgs/CommonCommonStateAllStatesChanged.msg
[0m[34m[1mGenerating Lisp code from bebop_msgs/CommonCalibrationStateMagnetoCalibrationAxisToCalibrateChanged.msg
[0m[ 36%] [34m[1mGenerating EusLisp code from bebop_msgs/CommonCalibrationStateMagnetoCalibrationStateChanged.msg
[0m[ 36%] [ 36%] [34m[1mGenerating Python from MSG bebop_msgs/CommonCommonStateProductModel
[0m[34m[1mGenerating Lisp code from bebop_msgs/Ardrone3PilotingStateFlatTrimChanged.msg
[0m[ 36%] [ 37%] [ 37%] [34m[1mGenerating Python from MSG bebop_msgs/Ardrone3NetworkStateWifiAuthChannelListChanged
[0m[ 38%] [34m[1mGenerating EusLisp code from bebop_msgs/CommonARLibsVersionsStateDeviceLibARCommandsVersion.msg
[0m[34m[1mGenerating Python from MSG bebop_msgs/Ardrone3PilotingStateAltitudeChanged
[34m[1mGenerating Lisp code from bebop_msgs/CommonAccessoryStateAccessoryConfigChanged.msg
[0m[0m[ 39%] [ 39%] [34m[1mGenerating EusLisp code from bebop_msgs/Ardrone3NetworkStateAllWifiScanChanged.msg
[0m[ 39%] [34m[1mGenerating Python from MSG bebop_msgs/CommonCommonStateAllStatesChanged
[0m[34m[1mGenerating Lisp code from bebop_msgs/CommonCalibrationStateMagnetoCalibrationStartedChanged.msg
[0m[ 40%] [ 40%] [34m[1mGenerating Python from MSG bebop_msgs/CommonCalibrationStateMagnetoCalibrationStateChanged
[0m[ 40%] [34m[1mGenerating Python from MSG bebop_msgs/CommonARLibsVersionsStateDeviceLibARCommandsVersion
[0m[ 40%] [ 41%] [34m[1mGenerating Lisp code from bebop_msgs/CommonCommonStateProductModel.msg
[0m[34m[1mGenerating Python from MSG bebop_msgs/Ardrone3NetworkStateAllWifiScanChanged
[0m[34m[1mGenerating C++ code from bebop_msgs/Ardrone3PilotingStateAlertStateChanged.msg
[0m[ 41%] [ 41%] [34m[1mGenerating EusLisp code from bebop_msgs/Ardrone3PilotingStateAutoTakeOffModeChanged.msg
[0m[34m[1mGenerating C++ code from bebop_msgs/CommonChargerStateChargingInfo.msg
[0m[ 42%] [34m[1mGenerating Lisp code from bebop_msgs/Ardrone3NetworkStateWifiAuthChannelListChanged.msg
[0m[ 43%] [ 43%] [34m[1mGenerating Python from MSG bebop_msgs/Ardrone3PilotingStateAutoTakeOffModeChanged
[0m[ 44%] [ 45%] [34m[1mGenerating Python from MSG bebop_msgs/Ardrone3MediaRecordStateVideoStateChanged
[0m[34m[1mGenerating C++ code from bebop_msgs/Ardrone3GPSStateHomeTypeAvailabilityChanged.msg
[0m[34m[1mGenerating Python from MSG bebop_msgs/Ardrone3GPSStateNumberOfSatelliteChanged
[0m[ 46%] [34m[1mGenerating EusLisp code from bebop_msgs/Ardrone3MediaRecordStateVideoStateChanged.msg
[0m[ 46%] [ 46%] [ 46%] [34m[1mGenerating EusLisp code from bebop_msgs/Ardrone3GPSStateNumberOfSatelliteChanged.msg
[0m[34m[1mGenerating Lisp code from bebop_msgs/Ardrone3PilotingStateAltitudeChanged.msg
[0m[34m[1mGenerating C++ code from bebop_msgs/CommonAnimationsStateList.msg
[0m[ 46%] [34m[1mGenerating Python from MSG bebop_msgs/Ardrone3PilotingStateSpeedChanged
[0m[ 46%] [34m[1mGenerating EusLisp code from bebop_msgs/Ardrone3PilotingStateSpeedChanged.msg
[0m[ 47%] [34m[1mGenerating Lisp code from bebop_msgs/CommonCommonStateAllStatesChanged.msg
[0m[ 47%] [34m[1mGenerating Lisp code from bebop_msgs/CommonCalibrationStateMagnetoCalibrationStateChanged.msg
[0m[ 47%] [ 47%] [34m[1mGenerating C++ code from bebop_msgs/CommonMavlinkStateMavlinkFilePlayingStateChanged.msg
[0m[34m[1mGenerating Python from MSG bebop_msgs/Ardrone3CameraStateOrientation
[0m[ 47%] [34m[1mGenerating Lisp code from bebop_msgs/CommonARLibsVersionsStateDeviceLibARCommandsVersion.msg
[0m[ 48%] [34m[1mGenerating EusLisp code from bebop_msgs/Ardrone3CameraStateOrientation.msg
[0m[ 49%] [ 49%] [ 50%] [34m[1mGenerating Lisp code from bebop_msgs/Ardrone3NetworkStateAllWifiScanChanged.msg
[0m[ 51%] [34m[1mGenerating Python from MSG bebop_msgs/CommonFlightPlanStateComponentStateListChanged
[0m[34m[1mGenerating Lisp code from bebop_msgs/Ardrone3PilotingStateAutoTakeOffModeChanged.msg
[0m[34m[1mGenerating C++ code from bebop_msgs/CommonCommonStateBatteryStateChanged.msg
[0m[ 52%] [34m[1mGenerating Lisp code from bebop_msgs/Ardrone3MediaRecordStateVideoStateChanged.msg
[0m[ 52%] [ 52%] [34m[1mGenerating C++ code from bebop_msgs/CommonCalibrationStateMagnetoCalibrationAxisToCalibrateChanged.msg
[0m[34m[1mGenerating EusLisp code from bebop_msgs/CommonFlightPlanStateComponentStateListChanged.msg
[0m[ 52%] [34m[1mGenerating Python from MSG bebop_msgs/CommonAccessoryStateSupportedAccessoriesListChanged
[ 52%] [0m[ 52%] [34m[1mGenerating Lisp code from bebop_msgs/Ardrone3GPSStateNumberOfSatelliteChanged.msg
[0m[34m[1mGenerating Lisp code from bebop_msgs/Ardrone3PilotingStateSpeedChanged.msg
[0m[ 53%] [34m[1mGenerating Lisp code from bebop_msgs/Ardrone3CameraStateOrientation.msg
[0m[ 54%] [ 55%] [ 55%] [34m[1mGenerating EusLisp code from bebop_msgs/CommonAccessoryStateSupportedAccessoriesListChanged.msg
[0m[34m[1mGenerating Python from MSG bebop_msgs/Ardrone3MediaRecordStateVideoStateChangedV2
[0m[ 56%] [34m[1mGenerating Lisp code from bebop_msgs/CommonAccessoryStateSupportedAccessoriesListChanged.msg
[0m[34m[1mGenerating Lisp code from bebop_msgs/CommonFlightPlanStateComponentStateListChanged.msg
[0m[ 56%] [34m[1mGenerating Lisp code from bebop_msgs/Ardrone3MediaRecordStateVideoStateChangedV2.msg
[0m[ 56%] [34m[1mGenerating EusLisp code from bebop_msgs/Ardrone3MediaRecordStateVideoStateChangedV2.msg
[0m[ 56%] [34m[1mGenerating Lisp code from bebop_msgs/Ardrone3PilotingStateFlyingStateChanged.msg
[0m[ 56%] [ 56%] [ 57%] [34m[1mGenerating EusLisp code from bebop_msgs/Ardrone3PilotingStateFlyingStateChanged.msg
[0m[34m[1mGenerating Python from MSG bebop_msgs/Ardrone3PilotingStateFlyingStateChanged
[0m[ 57%] [34m[1mGenerating Lisp code from bebop_msgs/CommonChargerStateMaxChargeRateChanged.msg
[0m[34m[1mGenerating Lisp code from bebop_msgs/CommonChargerStateCurrentChargeStateChanged.msg
[0m[ 58%] [ 58%] [34m[1mGenerating C++ code from bebop_msgs/Ardrone3PilotingStateFlatTrimChanged.msg
[34m[1mGenerating Python from MSG bebop_msgs/CommonChargerStateMaxChargeRateChanged
[0m[0m[ 59%] [34m[1mGenerating Python from MSG bebop_msgs/CommonChargerStateCurrentChargeStateChanged
[0m[ 59%] [34m[1mGenerating C++ code from bebop_msgs/CommonAccessoryStateAccessoryConfigChanged.msg
[0m[ 60%] [34m[1mGenerating Lisp code from bebop_msgs/CommonCommonStateMassStorageInfoStateListChanged.msg
[0m[ 61%] [ 61%] [ 62%] [34m[1mGenerating EusLisp code from bebop_msgs/CommonChargerStateMaxChargeRateChanged.msg
[0m[34m[1mGenerating Python from MSG bebop_msgs/CommonCommonStateMassStorageInfoStateListChanged
[0m[34m[1mGenerating Python from MSG bebop_msgs/CommonCommonStateMassStorageInfoRemainingListChanged
[0m[ 62%] [34m[1mGenerating EusLisp code from bebop_msgs/CommonChargerStateCurrentChargeStateChanged.msg
[0m[ 62%] [34m[1mGenerating Python from MSG bebop_msgs/CommonCommonStateCurrentTimeChanged
[0m[ 62%] [34m[1mGenerating Lisp code from bebop_msgs/CommonCommonStateMassStorageInfoRemainingListChanged.msg
[0m[ 62%] [ 63%] [ 64%] [34m[1mGenerating Python from MSG bebop_msgs/CommonCommonStateSensorsStatesListChanged
[34m[1mGenerating EusLisp code from bebop_msgs/CommonCommonStateMassStorageInfoStateListChanged.msg
[0m[0m[ 64%] [34m[1mGenerating EusLisp code from bebop_msgs/CommonCommonStateMassStorageInfoRemainingListChanged.msg
[0m[34m[1mGenerating Python from MSG bebop_msgs/CommonARLibsVersionsStateControllerLibARCommandsVersion
[0m[ 64%] [ 64%] [34m[1mGenerating EusLisp code from bebop_msgs/CommonCommonStateCurrentTimeChanged.msg
[0m[ 64%] [ 64%] [34m[1mGenerating Python from MSG bebop_msgs/Ardrone3GPSStateHomeTypeChosenChanged
[0m[34m[1mGenerating C++ code from bebop_msgs/CommonCalibrationStateMagnetoCalibrationStartedChanged.msg
[0m[ 65%] [34m[1mGenerating Lisp code from bebop_msgs/CommonCommonStateCurrentTimeChanged.msg
[0m[ 65%] [34m[1mGenerating EusLisp code from bebop_msgs/CommonARLibsVersionsStateControllerLibARCommandsVersion.msg
[0m[ 66%] [34m[1mGenerating EusLisp code from bebop_msgs/CommonCommonStateSensorsStatesListChanged.msg
[0m[34m[1mGenerating Python from MSG bebop_msgs/CommonAccessoryStateAccessoryConfigModificationEnabled
[0m[ 67%] [34m[1mGenerating C++ code from bebop_msgs/CommonCommonStateProductModel.msg
[0m[ 68%] [ 68%] [ 69%] [34m[1mGenerating EusLisp code from bebop_msgs/Ardrone3GPSStateHomeTypeChosenChanged.msg
[0m[34m[1mGenerating EusLisp code from bebop_msgs/CommonAccessoryStateAccessoryConfigModificationEnabled.msg
[0m[34m[1mGenerating Lisp code from bebop_msgs/CommonCommonStateSensorsStatesListChanged.msg
[0m[ 69%] [34m[1mGenerating EusLisp code from bebop_msgs/CommonCalibrationStateMagnetoCalibrationRequiredState.msg
[0m[ 69%] [34m[1mGenerating C++ code from bebop_msgs/Ardrone3NetworkStateWifiAuthChannelListChanged.msg
[0m[ 69%] [34m[1mGenerating Python from MSG bebop_msgs/CommonCalibrationStateMagnetoCalibrationRequiredState
[0m[ 69%] [ 70%] [ 70%] [34m[1mGenerating Lisp code from bebop_msgs/CommonARLibsVersionsStateControllerLibARCommandsVersion.msg
[0m[34m[1mGenerating Lisp code from bebop_msgs/Ardrone3GPSStateHomeTypeChosenChanged.msg
[0m[34m[1mGenerating Python from MSG bebop_msgs/CommonAudioStateAudioStreamingRunning
[0m[ 71%] [34m[1mGenerating EusLisp code from bebop_msgs/CommonAudioStateAudioStreamingRunning.msg
[0m[ 71%] [ 72%] [ 72%] [ 72%] [34m[1mGenerating EusLisp code from bebop_msgs/CommonCommonStateCurrentDateChanged.msg
[0m[34m[1mGenerating Lisp code from bebop_msgs/CommonCalibrationStateMagnetoCalibrationRequiredState.msg
[0m[34m[1mGenerating Lisp code from bebop_msgs/CommonAccessoryStateAccessoryConfigModificationEnabled.msg
[0m[34m[1mGenerating Python from MSG bebop_msgs/CommonCommonStateCurrentDateChanged
[0m[ 73%] [34m[1mGenerating EusLisp code from bebop_msgs/CommonFlightPlanStateAvailabilityStateChanged.msg
[0m[ 73%] [ 73%] [34m[1mGenerating EusLisp code from bebop_msgs/CommonARLibsVersionsStateSkyControllerLibARCommandsVersion.msg
[0m[34m[1mGenerating EusLisp code from bebop_msgs/CommonHeadlightsStateintensityChanged.msg
[0m[ 73%] [ 74%] [ 75%] [34m[1mGenerating Python from MSG bebop_msgs/CommonFlightPlanStateAvailabilityStateChanged
[0m[34m[1mGenerating EusLisp code from bebop_msgs/CommonOverHeatStateOverHeatChanged.msg
[0m[ 75%] [34m[1mGenerating Lisp code from bebop_msgs/CommonAudioStateAudioStreamingRunning.msg
[0m[34m[1mGenerating EusLisp code from bebop_msgs/CommonRunStateRunIdChanged.msg
[0m[ 76%] [34m[1mGenerating EusLisp code from bebop_msgs/CommonCommonStateWifiSignalChanged.msg
[0m[ 77%] [ 77%] [ 78%] [34m[1mGenerating C++ code from bebop_msgs/Ardrone3PilotingStateAltitudeChanged.msg
[0m[ 78%] [34m[1mGenerating Python from MSG bebop_msgs/CommonHeadlightsStateintensityChanged
[0m[34m[1mGenerating EusLisp code from bebop_msgs/Ardrone3PilotingStateAttitudeChanged.msg
[0m[ 78%] [34m[1mGenerating Python from MSG bebop_msgs/CommonARLibsVersionsStateSkyControllerLibARCommandsVersion
[0m[34m[1mGenerating EusLisp code from bebop_msgs/Ardrone3PilotingStatePositionChanged.msg
[0m[ 78%] [ 78%] [34m[1mGenerating Lisp code from bebop_msgs/CommonCommonStateCurrentDateChanged.msg
[0m[34m[1mGenerating Python from MSG bebop_msgs/CommonOverHeatStateOverHeatChanged
[ 79%] [0m[ 80%] [ 80%] [34m[1mGenerating Python from MSG bebop_msgs/CommonRunStateRunIdChanged
[0m[ 80%] [34m[1mGenerating EusLisp manifest code for bebop_msgs
[0m[34m[1mGenerating EusLisp code from bebop_msgs/CommonControllerStateisPilotingChanged.msg
[ 80%] [0m[34m[1mGenerating C++ code from bebop_msgs/CommonCommonStateAllStatesChanged.msg
[0m[34m[1mGenerating Python from MSG bebop_msgs/CommonCommonStateWifiSignalChanged
[0m[ 81%] [34m[1mGenerating Lisp code from bebop_msgs/CommonFlightPlanStateAvailabilityStateChanged.msg
[ 81%] [0m[ 81%] [ 82%] [34m[1mGenerating Lisp code from bebop_msgs/CommonHeadlightsStateintensityChanged.msg
[0m[34m[1mGenerating Python from MSG bebop_msgs/Ardrone3PilotingStateAttitudeChanged
[34m[1mGenerating Python from MSG bebop_msgs/Ardrone3PilotingStatePositionChanged
WARNING: Package name "my-ros-pkg" does not follow the naming conventions. It should start with a lower case letter and only contain lower case letters, digits and underscores.
[0m[0m[ 82%] [ 82%] [ 82%] [34m[1mGenerating C++ code from bebop_msgs/CommonCalibrationStateMagnetoCalibrationStateChanged.msg
[0m[34m[1mGenerating Lisp code from bebop_msgs/CommonARLibsVersionsStateSkyControllerLibARCommandsVersion.msg
[0m[34m[1mGenerating Python from MSG bebop_msgs/CommonControllerStateisPilotingChanged
[0m[ 83%] [ 83%] [34m[1mGenerating C++ code from bebop_msgs/CommonARLibsVersionsStateDeviceLibARCommandsVersion.msg
[0m[34m[1mGenerating C++ code from bebop_msgs/Ardrone3NetworkStateAllWifiScanChanged.msg
[0m[ 84%] [34m[1mGenerating C++ code from bebop_msgs/Ardrone3PilotingStateAutoTakeOffModeChanged.msg
[0m[ 85%] [ 86%] [34m[1mGenerating Python msg __init__.py for bebop_msgs
[0m[34m[1mGenerating Lisp code from bebop_msgs/CommonOverHeatStateOverHeatChanged.msg
[0m[ 86%] [34m[1mGenerating C++ code from bebop_msgs/Ardrone3MediaRecordStateVideoStateChanged.msg
[0m[ 86%] [ 86%] [34m[1mGenerating Lisp code from bebop_msgs/CommonRunStateRunIdChanged.msg
[0mBuilt target bebop_msgs_generate_messages_py
[ 87%] [34m[1mGenerating Lisp code from bebop_msgs/CommonCommonStateWifiSignalChanged.msg
[0m[ 87%] [34m[1mGenerating C++ code from bebop_msgs/Ardrone3GPSStateNumberOfSatelliteChanged.msg
[0m[ 88%] [34m[1mGenerating C++ code from bebop_msgs/Ardrone3PilotingStateSpeedChanged.msg
[0m[ 88%] [ 88%] [34m[1mGenerating Lisp code from bebop_msgs/Ardrone3PilotingStateAttitudeChanged.msg
[0m[ 88%] [34m[1mGenerating C++ code from bebop_msgs/Ardrone3CameraStateOrientation.msg
[0m[34m[1mGenerating Lisp code from bebop_msgs/Ardrone3PilotingStatePositionChanged.msg
[0m[ 89%] [34m[1mGenerating C++ code from bebop_msgs/CommonFlightPlanStateComponentStateListChanged.msg
[0m[ 90%] [34m[1mGenerating Lisp code from bebop_msgs/CommonControllerStateisPilotingChanged.msg
[0m[ 90%] [34m[1mGenerating C++ code from bebop_msgs/CommonAccessoryStateSupportedAccessoriesListChanged.msg
[0m[ 90%] [34m[1mGenerating C++ code from bebop_msgs/Ardrone3MediaRecordStateVideoStateChangedV2.msg
[0m[ 90%] Built target bebop_msgs_generate_messages_lisp
[ 91%] [ 92%] [ 92%] [34m[1mGenerating C++ code from bebop_msgs/Ardrone3PilotingStateFlyingStateChanged.msg
[0m[34m[1mGenerating C++ code from bebop_msgs/CommonChargerStateCurrentChargeStateChanged.msg
[0m[34m[1mGenerating C++ code from bebop_msgs/CommonChargerStateMaxChargeRateChanged.msg
[0m[ 92%] [34m[1mGenerating C++ code from bebop_msgs/CommonCommonStateMassStorageInfoStateListChanged.msg
[0m[ 92%] [34m[1mGenerating C++ code from bebop_msgs/CommonCommonStateMassStorageInfoRemainingListChanged.msg
[0m[ 93%] [34m[1mGenerating C++ code from bebop_msgs/CommonCommonStateCurrentTimeChanged.msg
[0m[ 93%] [34m[1mGenerating C++ code from bebop_msgs/CommonCommonStateSensorsStatesListChanged.msg
[0m[ 94%] [34m[1mGenerating C++ code from bebop_msgs/CommonARLibsVersionsStateControllerLibARCommandsVersion.msg
[0m[ 94%] [ 94%] [34m[1mGenerating C++ code from bebop_msgs/Ardrone3GPSStateHomeTypeChosenChanged.msg
[0m[34m[1mGenerating C++ code from bebop_msgs/CommonAccessoryStateAccessoryConfigModificationEnabled.msg
[0m[ 95%] [34m[1mGenerating C++ code from bebop_msgs/CommonCalibrationStateMagnetoCalibrationRequiredState.msg
[0m[ 95%] [34m[1mGenerating C++ code from bebop_msgs/CommonAudioStateAudioStreamingRunning.msg
[0m[ 96%] [34m[1mGenerating C++ code from bebop_msgs/CommonCommonStateCurrentDateChanged.msg
[0m[ 96%] [34m[1mGenerating C++ code from bebop_msgs/CommonFlightPlanStateAvailabilityStateChanged.msg
[0m[ 96%] [34m[1mGenerating C++ code from bebop_msgs/CommonHeadlightsStateintensityChanged.msg
[0m[ 97%] [ 97%] [34m[1mGenerating C++ code from bebop_msgs/CommonARLibsVersionsStateSkyControllerLibARCommandsVersion.msg
[0m[34m[1mGenerating C++ code from bebop_msgs/CommonOverHeatStateOverHeatChanged.msg
[0m[ 98%] [34m[1mGenerating C++ code from bebop_msgs/CommonRunStateRunIdChanged.msg
[0m[ 98%] [34m[1mGenerating C++ code from bebop_msgs/CommonCommonStateWifiSignalChanged.msg
[0m[ 98%] [34m[1mGenerating C++ code from bebop_msgs/Ardrone3PilotingStateAttitudeChanged.msg
[0m[100%] [34m[1mGenerating C++ code from bebop_msgs/Ardrone3PilotingStatePositionChanged.msg
[0m[100%] [34m[1mGenerating C++ code from bebop_msgs/CommonControllerStateisPilotingChanged.msg
WARNING: Package name "my-ros-pkg" does not follow the naming conventions. It should start with a lower case letter and only contain lower case letters, digits and underscores.
[0m[100%] Built target bebop_msgs_generate_messages_cpp
[100%] Built target bebop_msgs_generate_messages_eus
[35m[1mScanning dependencies of target bebop_msgs_generate_messages
[0m[100%] Built target bebop_msgs_generate_messages
